  [1m[35m (1.4ms)[0m  [1m[35mCREATE TABLE "schema_migrations" ("version" varchar NOT NULL PRIMARY KEY)[0m
  [1m[35m (0.1ms)[0m  [1m[35mCREATE TABLE "ar_internal_metadata" ("key" varchar NOT NULL PRIMARY KEY, "value" varchar, "created_at" datetime(6) NOT NULL, "updated_at" datetime(6) NOT NULL)[0m
  [1m[36mActiveRecord::InternalMetadata Load (0.0ms)[0m  [1m[34mSELECT * FROM "ar_internal_metadata" WHERE "ar_internal_metadata"."key" = ? ORDER BY "ar_internal_metadata"."key" ASC LIMIT 1[0m  [[nil, "environment"]]
  [1m[36mActiveRecord::InternalMetadata Create (0.1ms)[0m  [1m[32mINSERT INTO "ar_internal_metadata" ("key", "value", "created_at", "updated_at") VALUES ('environment', 'development', '2024-07-16 07:30:07.516154', '2024-07-16 07:30:07.516157') RETURNING "key"[0m
  [1m[36mActiveRecord::SchemaMigration Load (0.0ms)[0m  [1m[34mSELECT "schema_migrations"."version" FROM "schema_migrations" ORDER BY "schema_migrations"."version" ASC[0m
Migrating to CreateUsers (20240716072643)
  [1m[36mTRANSACTION (0.0ms)[0m  [1m[36mbegin transaction[0m
  [1m[35m (0.5ms)[0m  [1m[35mCREATE TABLE "users" ("id" integer PRIMARY KEY AUTOINCREMENT NOT NULL, "name" varchar, "email" varchar, "wallet_balance" decimal(10,2) DEFAULT 10000.0, "created_at" datetime(6) NOT NULL, "updated_at" datetime(6) NOT NULL)[0m
  [1m[36mActiveRecord::SchemaMigration Create (0.1ms)[0m  [1m[32mINSERT INTO "schema_migrations" ("version") VALUES ('20240716072643') RETURNING "version"[0m
  [1m[36mTRANSACTION (0.1ms)[0m  [1m[36mcommit transaction[0m
Migrating to CreateAdmins (20240716072644)
  [1m[36mTRANSACTION (0.0ms)[0m  [1m[36mbegin transaction[0m
  [1m[35m (0.4ms)[0m  [1m[35mCREATE TABLE "admins" ("id" integer PRIMARY KEY AUTOINCREMENT NOT NULL, "name" varchar, "email" varchar, "wallet_balance" decimal(10,2) DEFAULT 1000000.0, "created_at" datetime(6) NOT NULL, "updated_at" datetime(6) NOT NULL)[0m
  [1m[36mActiveRecord::SchemaMigration Create (0.1ms)[0m  [1m[32mINSERT INTO "schema_migrations" ("version") VALUES ('20240716072644') RETURNING "version"[0m
  [1m[36mTRANSACTION (0.0ms)[0m  [1m[36mcommit transaction[0m
Migrating to CreateLoans (20240716072645)
  [1m[36mTRANSACTION (0.0ms)[0m  [1m[36mbegin transaction[0m
  [1m[35m (0.6ms)[0m  [1m[35mCREATE TABLE "loans" ("id" integer PRIMARY KEY AUTOINCREMENT NOT NULL, "amount" decimal(10,2), "interest_rate" decimal(5,2) DEFAULT 5.0, "status" integer DEFAULT 0, "user_id" integer NOT NULL, "admin_id" integer NOT NULL, "created_at" datetime(6) NOT NULL, "updated_at" datetime(6) NOT NULL, CONSTRAINT "fk_rails_c15c911198"
FOREIGN KEY ("user_id")
  REFERENCES "users" ("id")
, CONSTRAINT "fk_rails_a0106573ce"
FOREIGN KEY ("admin_id")
  REFERENCES "admins" ("id")
)[0m
  [1m[35m (0.0ms)[0m  [1m[35mCREATE INDEX "index_loans_on_user_id" ON "loans" ("user_id")[0m
  [1m[35m (0.0ms)[0m  [1m[35mCREATE INDEX "index_loans_on_admin_id" ON "loans" ("admin_id")[0m
  [1m[36mActiveRecord::SchemaMigration Create (0.1ms)[0m  [1m[32mINSERT INTO "schema_migrations" ("version") VALUES ('20240716072645') RETURNING "version"[0m
  [1m[36mTRANSACTION (0.0ms)[0m  [1m[36mcommit transaction[0m
  [1m[36mActiveRecord::SchemaMigration Load (0.0ms)[0m  [1m[34mSELECT "schema_migrations"."version" FROM "schema_migrations" ORDER BY "schema_migrations"."version" ASC[0m
  [1m[36mActiveRecord::SchemaMigration Load (0.2ms)[0m  [1m[34mSELECT "schema_migrations"."version" FROM "schema_migrations" ORDER BY "schema_migrations"."version" ASC[0m
  [1m[36mTRANSACTION (0.0ms)[0m  [1m[36mbegin transaction[0m
  [1m[36mAdmin Create (0.7ms)[0m  [1m[32mINSERT INTO "admins" ("name", "email", "wallet_balance", "created_at", "updated_at") VALUES (?, ?, ?, ?, ?) RETURNING "id"[0m  [["name", "Admin"], ["email", "admin@example.com"], ["wallet_balance", 1000000.0], ["created_at", "2024-07-16 07:32:03.507177"], ["updated_at", "2024-07-16 07:32:03.507177"]]
  [1m[36mTRANSACTION (2.0ms)[0m  [1m[36mcommit transaction[0m
  [1m[36mTRANSACTION (0.0ms)[0m  [1m[36mbegin transaction[0m
  [1m[36mUser Create (0.6ms)[0m  [1m[32mINSERT INTO "users" ("name", "email", "wallet_balance", "created_at", "updated_at") VALUES (?, ?, ?, ?, ?) RETURNING "id"[0m  [["name", "User 1"], ["email", "user1@example.com"], ["wallet_balance", 10000.0], ["created_at", "2024-07-16 07:32:03.513921"], ["updated_at", "2024-07-16 07:32:03.513921"]]
  [1m[36mTRANSACTION (0.0ms)[0m  [1m[36mcommit transaction[0m
  [1m[36mTRANSACTION (0.0ms)[0m  [1m[36mbegin transaction[0m
  [1m[36mUser Create (0.5ms)[0m  [1m[32mINSERT INTO "users" ("name", "email", "wallet_balance", "created_at", "updated_at") VALUES (?, ?, ?, ?, ?) RETURNING "id"[0m  [["name", "User 2"], ["email", "user2@example.com"], ["wallet_balance", 10000.0], ["created_at", "2024-07-16 07:32:03.515697"], ["updated_at", "2024-07-16 07:32:03.515697"]]
  [1m[36mTRANSACTION (0.0ms)[0m  [1m[36mcommit transaction[0m
  [1m[36mActiveRecord::InternalMetadata Load (0.1ms)[0m  [1m[34mSELECT * FROM "ar_internal_metadata" WHERE "ar_internal_metadata"."key" = ? ORDER BY "ar_internal_metadata"."key" ASC LIMIT 1[0m  [[nil, "environment"]]
  [1m[36mActiveRecord::SchemaMigration Load (0.0ms)[0m  [1m[34mSELECT "schema_migrations"."version" FROM "schema_migrations" ORDER BY "schema_migrations"."version" ASC[0m
Migrating to AddPasswordDigestToUsers (20240716073637)
  [1m[36mTRANSACTION (0.0ms)[0m  [1m[36mbegin transaction[0m
  [1m[35m (0.5ms)[0m  [1m[35mALTER TABLE "users" ADD "password_digest" varchar[0m
  [1m[36mActiveRecord::SchemaMigration Create (0.1ms)[0m  [1m[32mINSERT INTO "schema_migrations" ("version") VALUES ('20240716073637') RETURNING "version"[0m
  [1m[36mTRANSACTION (0.0ms)[0m  [1m[36mcommit transaction[0m
Migrating to AddPasswordDigestToAdmins (20240716073638)
  [1m[36mTRANSACTION (0.0ms)[0m  [1m[36mbegin transaction[0m
  [1m[35m (0.6ms)[0m  [1m[35mALTER TABLE "admins" ADD "password_digest" varchar[0m
  [1m[36mActiveRecord::SchemaMigration Create (0.0ms)[0m  [1m[32mINSERT INTO "schema_migrations" ("version") VALUES ('20240716073638') RETURNING "version"[0m
  [1m[36mTRANSACTION (0.0ms)[0m  [1m[36mcommit transaction[0m
  [1m[36mActiveRecord::SchemaMigration Load (0.0ms)[0m  [1m[34mSELECT "schema_migrations"."version" FROM "schema_migrations" ORDER BY "schema_migrations"."version" ASC[0m
  [1m[36mActiveRecord::SchemaMigration Load (0.1ms)[0m  [1m[34mSELECT "schema_migrations"."version" FROM "schema_migrations" ORDER BY "schema_migrations"."version" ASC[0m
  [1m[36mActiveRecord::SchemaMigration Load (0.1ms)[0m  [1m[34mSELECT "schema_migrations"."version" FROM "schema_migrations" ORDER BY "schema_migrations"."version" ASC[0m
  [1m[36mActiveRecord::SchemaMigration Load (0.1ms)[0m  [1m[34mSELECT "schema_migrations"."version" FROM "schema_migrations" ORDER BY "schema_migrations"."version" ASC[0m
  [1m[36mTRANSACTION (0.1ms)[0m  [1m[36mbegin transaction[0m
  [1m[36mAdmin Create (0.9ms)[0m  [1m[32mINSERT INTO "admins" ("name", "email", "wallet_balance", "created_at", "updated_at", "password_digest") VALUES (?, ?, ?, ?, ?, ?) RETURNING "id"[0m  [["name", "Admin"], ["email", "admin@example.com"], ["wallet_balance", 1000000.0], ["created_at", "2024-07-16 07:39:38.836466"], ["updated_at", "2024-07-16 07:39:38.836466"], ["password_digest", "[FILTERED]"]]
  [1m[36mTRANSACTION (0.1ms)[0m  [1m[36mcommit transaction[0m
  [1m[36mActiveRecord::SchemaMigration Load (0.1ms)[0m  [1m[34mSELECT "schema_migrations"."version" FROM "schema_migrations" ORDER BY "schema_migrations"."version" ASC[0m
  [1m[36mTRANSACTION (0.0ms)[0m  [1m[36mbegin transaction[0m
  [1m[36mAdmin Create (0.8ms)[0m  [1m[32mINSERT INTO "admins" ("name", "email", "wallet_balance", "created_at", "updated_at", "password_digest") VALUES (?, ?, ?, ?, ?, ?) RETURNING "id"[0m  [["name", "Admin"], ["email", "admin@example.com"], ["wallet_balance", 1000000.0], ["created_at", "2024-07-16 07:40:14.169337"], ["updated_at", "2024-07-16 07:40:14.169337"], ["password_digest", "[FILTERED]"]]
  [1m[36mTRANSACTION (1.8ms)[0m  [1m[36mcommit transaction[0m
  [1m[36mActiveRecord::SchemaMigration Load (0.1ms)[0m  [1m[34mSELECT "schema_migrations"."version" FROM "schema_migrations" ORDER BY "schema_migrations"."version" ASC[0m
  [1m[36mActiveRecord::InternalMetadata Load (0.0ms)[0m  [1m[34mSELECT * FROM "ar_internal_metadata" WHERE "ar_internal_metadata"."key" = ? ORDER BY "ar_internal_metadata"."key" ASC LIMIT 1[0m  [[nil, "environment"]]
  [1m[36mActiveRecord::SchemaMigration Load (0.0ms)[0m  [1m[34mSELECT "schema_migrations"."version" FROM "schema_migrations" ORDER BY "schema_migrations"."version" ASC[0m
  [1m[36mActiveRecord::InternalMetadata Load (0.0ms)[0m  [1m[34mSELECT * FROM "ar_internal_metadata" WHERE "ar_internal_metadata"."key" = ? ORDER BY "ar_internal_metadata"."key" ASC LIMIT 1[0m  [[nil, "environment"]]
  [1m[36mActiveRecord::SchemaMigration Load (0.0ms)[0m  [1m[34mSELECT "schema_migrations"."version" FROM "schema_migrations" ORDER BY "schema_migrations"."version" ASC[0m
  [1m[36mActiveRecord::InternalMetadata Load (0.0ms)[0m  [1m[34mSELECT * FROM "ar_internal_metadata" WHERE "ar_internal_metadata"."key" = ? ORDER BY "ar_internal_metadata"."key" ASC LIMIT 1[0m  [[nil, "environment"]]
  [1m[35m (1.3ms)[0m  [1m[35mCREATE TABLE "schema_migrations" ("version" varchar NOT NULL PRIMARY KEY)[0m
  [1m[35m (0.2ms)[0m  [1m[35mCREATE TABLE "ar_internal_metadata" ("key" varchar NOT NULL PRIMARY KEY, "value" varchar, "created_at" datetime(6) NOT NULL, "updated_at" datetime(6) NOT NULL)[0m
  [1m[36mActiveRecord::InternalMetadata Load (0.0ms)[0m  [1m[34mSELECT * FROM "ar_internal_metadata" WHERE "ar_internal_metadata"."key" = ? ORDER BY "ar_internal_metadata"."key" ASC LIMIT 1[0m  [[nil, "environment"]]
  [1m[36mActiveRecord::InternalMetadata Create (0.1ms)[0m  [1m[32mINSERT INTO "ar_internal_metadata" ("key", "value", "created_at", "updated_at") VALUES ('environment', 'development', '2024-07-16 07:41:49.587793', '2024-07-16 07:41:49.587795') RETURNING "key"[0m
  [1m[36mActiveRecord::SchemaMigration Load (0.0ms)[0m  [1m[34mSELECT "schema_migrations"."version" FROM "schema_migrations" ORDER BY "schema_migrations"."version" ASC[0m
Migrating to CreateUsers (20240716072643)
  [1m[36mTRANSACTION (0.0ms)[0m  [1m[36mbegin transaction[0m
  [1m[35m (0.5ms)[0m  [1m[35mCREATE TABLE "users" ("id" integer PRIMARY KEY AUTOINCREMENT NOT NULL, "name" varchar, "email" varchar, "wallet_balance" decimal(10,2) DEFAULT 10000.0, "created_at" datetime(6) NOT NULL, "updated_at" datetime(6) NOT NULL)[0m
  [1m[36mActiveRecord::SchemaMigration Create (0.1ms)[0m  [1m[32mINSERT INTO "schema_migrations" ("version") VALUES ('20240716072643') RETURNING "version"[0m
  [1m[36mTRANSACTION (0.0ms)[0m  [1m[36mcommit transaction[0m
Migrating to CreateAdmins (20240716072644)
  [1m[36mTRANSACTION (0.0ms)[0m  [1m[36mbegin transaction[0m
  [1m[35m (0.5ms)[0m  [1m[35mCREATE TABLE "admins" ("id" integer PRIMARY KEY AUTOINCREMENT NOT NULL, "name" varchar, "email" varchar, "wallet_balance" decimal(10,2) DEFAULT 1000000.0, "created_at" datetime(6) NOT NULL, "updated_at" datetime(6) NOT NULL)[0m
  [1m[36mActiveRecord::SchemaMigration Create (0.1ms)[0m  [1m[32mINSERT INTO "schema_migrations" ("version") VALUES ('20240716072644') RETURNING "version"[0m
  [1m[36mTRANSACTION (0.0ms)[0m  [1m[36mcommit transaction[0m
Migrating to CreateLoans (20240716072645)
  [1m[36mTRANSACTION (0.0ms)[0m  [1m[36mbegin transaction[0m
  [1m[35m (0.5ms)[0m  [1m[35mCREATE TABLE "loans" ("id" integer PRIMARY KEY AUTOINCREMENT NOT NULL, "amount" decimal(10,2), "interest_rate" decimal(5,2) DEFAULT 5.0, "status" integer DEFAULT 0, "user_id" integer NOT NULL, "admin_id" integer NOT NULL, "created_at" datetime(6) NOT NULL, "updated_at" datetime(6) NOT NULL, CONSTRAINT "fk_rails_c15c911198"
FOREIGN KEY ("user_id")
  REFERENCES "users" ("id")
, CONSTRAINT "fk_rails_a0106573ce"
FOREIGN KEY ("admin_id")
  REFERENCES "admins" ("id")
)[0m
  [1m[35m (0.0ms)[0m  [1m[35mCREATE INDEX "index_loans_on_user_id" ON "loans" ("user_id")[0m
  [1m[35m (0.0ms)[0m  [1m[35mCREATE INDEX "index_loans_on_admin_id" ON "loans" ("admin_id")[0m
  [1m[36mActiveRecord::SchemaMigration Create (0.1ms)[0m  [1m[32mINSERT INTO "schema_migrations" ("version") VALUES ('20240716072645') RETURNING "version"[0m
  [1m[36mTRANSACTION (0.0ms)[0m  [1m[36mcommit transaction[0m
Migrating to AddPasswordDigestToUsers (20240716073637)
  [1m[36mTRANSACTION (0.0ms)[0m  [1m[36mbegin transaction[0m
  [1m[35m (0.6ms)[0m  [1m[35mALTER TABLE "users" ADD "password_digest" varchar[0m
  [1m[36mActiveRecord::SchemaMigration Create (0.0ms)[0m  [1m[32mINSERT INTO "schema_migrations" ("version") VALUES ('20240716073637') RETURNING "version"[0m
  [1m[36mTRANSACTION (0.0ms)[0m  [1m[36mcommit transaction[0m
Migrating to AddPasswordDigestToAdmins (20240716073638)
  [1m[36mTRANSACTION (0.0ms)[0m  [1m[36mbegin transaction[0m
  [1m[35m (0.5ms)[0m  [1m[35mALTER TABLE "admins" ADD "password_digest" varchar[0m
  [1m[36mActiveRecord::SchemaMigration Create (0.0ms)[0m  [1m[32mINSERT INTO "schema_migrations" ("version") VALUES ('20240716073638') RETURNING "version"[0m
  [1m[36mTRANSACTION (0.0ms)[0m  [1m[36mcommit transaction[0m
  [1m[36mActiveRecord::SchemaMigration Load (0.0ms)[0m  [1m[34mSELECT "schema_migrations"."version" FROM "schema_migrations" ORDER BY "schema_migrations"."version" ASC[0m
  [1m[36mActiveRecord::SchemaMigration Load (0.0ms)[0m  [1m[34mSELECT "schema_migrations"."version" FROM "schema_migrations" ORDER BY "schema_migrations"."version" ASC[0m
  [1m[36mTRANSACTION (0.0ms)[0m  [1m[36mbegin transaction[0m
  [1m[36mAdmin Create (0.1ms)[0m  [1m[32mINSERT INTO "admins" ("name", "email", "wallet_balance", "created_at", "updated_at", "password_digest") VALUES (?, ?, ?, ?, ?, ?) RETURNING "id"[0m  [["name", "Admin"], ["email", "admin@example.com"], ["wallet_balance", 1000000.0], ["created_at", "2024-07-16 07:41:49.785541"], ["updated_at", "2024-07-16 07:41:49.785541"], ["password_digest", "[FILTERED]"]]
  [1m[36mTRANSACTION (0.1ms)[0m  [1m[36mcommit transaction[0m
  [1m[36mActiveRecord::SchemaMigration Load (0.1ms)[0m  [1m[34mSELECT "schema_migrations"."version" FROM "schema_migrations" ORDER BY "schema_migrations"."version" ASC[0m
  [1m[36mActiveRecord::InternalMetadata Load (0.0ms)[0m  [1m[34mSELECT * FROM "ar_internal_metadata" WHERE "ar_internal_metadata"."key" = ? ORDER BY "ar_internal_metadata"."key" ASC LIMIT 1[0m  [[nil, "environment"]]
  [1m[36mActiveRecord::SchemaMigration Load (0.0ms)[0m  [1m[34mSELECT "schema_migrations"."version" FROM "schema_migrations" ORDER BY "schema_migrations"."version" ASC[0m
  [1m[36mActiveRecord::InternalMetadata Load (0.0ms)[0m  [1m[34mSELECT * FROM "ar_internal_metadata" WHERE "ar_internal_metadata"."key" = ? ORDER BY "ar_internal_metadata"."key" ASC LIMIT 1[0m  [[nil, "environment"]]
  [1m[36mActiveRecord::SchemaMigration Load (0.0ms)[0m  [1m[34mSELECT "schema_migrations"."version" FROM "schema_migrations" ORDER BY "schema_migrations"."version" ASC[0m
  [1m[36mActiveRecord::InternalMetadata Load (0.0ms)[0m  [1m[34mSELECT * FROM "ar_internal_metadata" WHERE "ar_internal_metadata"."key" = ? ORDER BY "ar_internal_metadata"."key" ASC LIMIT 1[0m  [[nil, "environment"]]
  [1m[35m (1.3ms)[0m  [1m[35mCREATE TABLE "schema_migrations" ("version" varchar NOT NULL PRIMARY KEY)[0m
  [1m[35m (0.1ms)[0m  [1m[35mCREATE TABLE "ar_internal_metadata" ("key" varchar NOT NULL PRIMARY KEY, "value" varchar, "created_at" datetime(6) NOT NULL, "updated_at" datetime(6) NOT NULL)[0m
  [1m[36mActiveRecord::InternalMetadata Load (0.0ms)[0m  [1m[34mSELECT * FROM "ar_internal_metadata" WHERE "ar_internal_metadata"."key" = ? ORDER BY "ar_internal_metadata"."key" ASC LIMIT 1[0m  [[nil, "environment"]]
  [1m[36mActiveRecord::InternalMetadata Create (0.2ms)[0m  [1m[32mINSERT INTO "ar_internal_metadata" ("key", "value", "created_at", "updated_at") VALUES ('environment', 'development', '2024-07-16 07:43:05.504208', '2024-07-16 07:43:05.504210') RETURNING "key"[0m
  [1m[36mActiveRecord::SchemaMigration Load (0.0ms)[0m  [1m[34mSELECT "schema_migrations"."version" FROM "schema_migrations" ORDER BY "schema_migrations"."version" ASC[0m
Migrating to CreateUsers (20240716072643)
  [1m[36mTRANSACTION (0.0ms)[0m  [1m[36mbegin transaction[0m
  [1m[35m (0.5ms)[0m  [1m[35mCREATE TABLE "users" ("id" integer PRIMARY KEY AUTOINCREMENT NOT NULL, "name" varchar, "email" varchar, "wallet_balance" decimal(10,2) DEFAULT 10000.0, "created_at" datetime(6) NOT NULL, "updated_at" datetime(6) NOT NULL)[0m
  [1m[36mActiveRecord::SchemaMigration Create (0.1ms)[0m  [1m[32mINSERT INTO "schema_migrations" ("version") VALUES ('20240716072643') RETURNING "version"[0m
  [1m[36mTRANSACTION (0.0ms)[0m  [1m[36mcommit transaction[0m
Migrating to CreateAdmins (20240716072644)
  [1m[36mTRANSACTION (0.0ms)[0m  [1m[36mbegin transaction[0m
  [1m[35m (0.5ms)[0m  [1m[35mCREATE TABLE "admins" ("id" integer PRIMARY KEY AUTOINCREMENT NOT NULL, "name" varchar, "email" varchar, "wallet_balance" decimal(10,2) DEFAULT 1000000.0, "created_at" datetime(6) NOT NULL, "updated_at" datetime(6) NOT NULL)[0m
  [1m[36mActiveRecord::SchemaMigration Create (0.1ms)[0m  [1m[32mINSERT INTO "schema_migrations" ("version") VALUES ('20240716072644') RETURNING "version"[0m
  [1m[36mTRANSACTION (0.0ms)[0m  [1m[36mcommit transaction[0m
Migrating to CreateLoans (20240716072645)
  [1m[36mTRANSACTION (0.0ms)[0m  [1m[36mbegin transaction[0m
  [1m[35m (0.4ms)[0m  [1m[35mCREATE TABLE "loans" ("id" integer PRIMARY KEY AUTOINCREMENT NOT NULL, "amount" decimal(10,2), "interest_rate" decimal(5,2) DEFAULT 5.0, "status" integer DEFAULT 0, "user_id" integer NOT NULL, "admin_id" integer NOT NULL, "created_at" datetime(6) NOT NULL, "updated_at" datetime(6) NOT NULL, CONSTRAINT "fk_rails_c15c911198"
FOREIGN KEY ("user_id")
  REFERENCES "users" ("id")
, CONSTRAINT "fk_rails_a0106573ce"
FOREIGN KEY ("admin_id")
  REFERENCES "admins" ("id")
)[0m
  [1m[35m (0.0ms)[0m  [1m[35mCREATE INDEX "index_loans_on_user_id" ON "loans" ("user_id")[0m
  [1m[35m (0.0ms)[0m  [1m[35mCREATE INDEX "index_loans_on_admin_id" ON "loans" ("admin_id")[0m
  [1m[36mActiveRecord::SchemaMigration Create (0.1ms)[0m  [1m[32mINSERT INTO "schema_migrations" ("version") VALUES ('20240716072645') RETURNING "version"[0m
  [1m[36mTRANSACTION (0.0ms)[0m  [1m[36mcommit transaction[0m
Migrating to AddPasswordDigestToUsers (20240716073637)
  [1m[36mTRANSACTION (0.0ms)[0m  [1m[36mbegin transaction[0m
  [1m[35m (0.4ms)[0m  [1m[35mALTER TABLE "users" ADD "password_digest" varchar[0m
  [1m[36mActiveRecord::SchemaMigration Create (0.1ms)[0m  [1m[32mINSERT INTO "schema_migrations" ("version") VALUES ('20240716073637') RETURNING "version"[0m
  [1m[36mTRANSACTION (0.0ms)[0m  [1m[36mcommit transaction[0m
Migrating to AddPasswordDigestToAdmins (20240716073638)
  [1m[36mTRANSACTION (0.0ms)[0m  [1m[36mbegin transaction[0m
  [1m[35m (0.6ms)[0m  [1m[35mALTER TABLE "admins" ADD "password_digest" varchar[0m
  [1m[36mActiveRecord::SchemaMigration Create (0.0ms)[0m  [1m[32mINSERT INTO "schema_migrations" ("version") VALUES ('20240716073638') RETURNING "version"[0m
  [1m[36mTRANSACTION (0.0ms)[0m  [1m[36mcommit transaction[0m
  [1m[36mActiveRecord::SchemaMigration Load (0.0ms)[0m  [1m[34mSELECT "schema_migrations"."version" FROM "schema_migrations" ORDER BY "schema_migrations"."version" ASC[0m
  [1m[36mActiveRecord::SchemaMigration Load (0.0ms)[0m  [1m[34mSELECT "schema_migrations"."version" FROM "schema_migrations" ORDER BY "schema_migrations"."version" ASC[0m
  [1m[36mTRANSACTION (0.0ms)[0m  [1m[36mbegin transaction[0m
  [1m[36mAdmin Create (0.1ms)[0m  [1m[32mINSERT INTO "admins" ("name", "email", "wallet_balance", "created_at", "updated_at", "password_digest") VALUES (?, ?, ?, ?, ?, ?) RETURNING "id"[0m  [["name", "Admin"], ["email", "admin@example.com"], ["wallet_balance", 1000000.0], ["created_at", "2024-07-16 07:43:05.531316"], ["updated_at", "2024-07-16 07:43:05.531316"], ["password_digest", "[FILTERED]"]]
  [1m[36mTRANSACTION (0.0ms)[0m  [1m[36mcommit transaction[0m
  [1m[36mTRANSACTION (0.0ms)[0m  [1m[36mbegin transaction[0m
  [1m[36mUser Create (0.5ms)[0m  [1m[32mINSERT INTO "users" ("name", "email", "wallet_balance", "created_at", "updated_at", "password_digest") VALUES (?, ?, ?, ?, ?, ?) RETURNING "id"[0m  [["name", "User 1"], ["email", "user1@example.com"], ["wallet_balance", 10000.0], ["created_at", "2024-07-16 07:43:05.535764"], ["updated_at", "2024-07-16 07:43:05.535764"], ["password_digest", "[FILTERED]"]]
  [1m[36mTRANSACTION (0.0ms)[0m  [1m[36mcommit transaction[0m
  [1m[36mTRANSACTION (0.0ms)[0m  [1m[36mbegin transaction[0m
  [1m[36mUser Create (0.5ms)[0m  [1m[32mINSERT INTO "users" ("name", "email", "wallet_balance", "created_at", "updated_at", "password_digest") VALUES (?, ?, ?, ?, ?, ?) RETURNING "id"[0m  [["name", "User 2"], ["email", "user2@example.com"], ["wallet_balance", 10000.0], ["created_at", "2024-07-16 07:43:05.537370"], ["updated_at", "2024-07-16 07:43:05.537370"], ["password_digest", "[FILTERED]"]]
  [1m[36mTRANSACTION (0.0ms)[0m  [1m[36mcommit transaction[0m
Started GET "/" for 127.0.0.1 at 2024-07-16 13:13:46 +0530
  [1m[36mActiveRecord::SchemaMigration Load (0.1ms)[0m  [1m[34mSELECT "schema_migrations"."version" FROM "schema_migrations" ORDER BY "schema_migrations"."version" ASC[0m
Processing by UsersController#index as HTML
Redirected to http://127.0.0.1:3002/login
Filter chain halted as :require_login rendered or redirected
Completed 302 Found in 3ms (ActiveRecord: 0.0ms | Allocations: 1995)


Started GET "/login" for 127.0.0.1 at 2024-07-16 13:13:46 +0530
Processing by SessionsController#new as HTML
  Rendering layout layouts/application.html.erb
  Rendering sessions/new.html.erb within layouts/application
  Rendered sessions/new.html.erb within layouts/application (Duration: 6.5ms | Allocations: 6241)
  Rendered layout layouts/application.html.erb (Duration: 159.0ms | Allocations: 92989)
Completed 500 Internal Server Error in 167ms (ActiveRecord: 0.0ms | Allocations: 98989)


  
ActionView::Template::Error (undefined method `javascript_pack_tag' for #<ActionView::Base:0x0000000000c350>

    '.freeze; @output_buffer.append=( javascript_pack_tag 'application', 'data-turbolinks-track': 'reload' ); @output_buffer.safe_append='
                                      ^^^^^^^^^^^^^^^^^^^
Did you mean?  javascript_path
               javascript_tag):
     6:     <%= csp_meta_tag %>
     7: 
     8:     <%= stylesheet_link_tag 'application', media: 'all', 'data-turbolinks-track': 'reload' %>
     9:     <%= javascript_pack_tag 'application', 'data-turbolinks-track': 'reload' %>
    10:   </head>
    11: 
    12:   <body>
  
app/views/layouts/application.html.erb:9
Started GET "/login" for 127.0.0.1 at 2024-07-16 13:14:12 +0530
Processing by SessionsController#new as HTML
  Rendering layout layouts/application.html.erb
  Rendering sessions/new.html.erb within layouts/application
  Rendered sessions/new.html.erb within layouts/application (Duration: 1.4ms | Allocations: 2754)
  Rendered layout layouts/application.html.erb (Duration: 5.7ms | Allocations: 5726)
Completed 200 OK in 7ms (Views: 6.6ms | ActiveRecord: 0.0ms | Allocations: 6822)


Started POST "/login" for 127.0.0.1 at 2024-07-16 13:14:50 +0530
Processing by SessionsController#create as HTML
  Parameters: {"authenticity_token"=>"[FILTERED]", "email"=>"user1@example.com", "password"=>"[FILTERED]", "commit"=>"Log In"}
  [1m[36mUser Load (0.1ms)[0m  [1m[34mSELECT "users".* FROM "users" WHERE "users"."email" = ? LIMIT ?[0m  [["email", "user1@example.com"], ["LIMIT", 1]]
  ↳ app/controllers/sessions_controller.rb:6:in `create'
  [1m[36mAdmin Load (0.0ms)[0m  [1m[34mSELECT "admins".* FROM "admins" WHERE "admins"."email" = ? LIMIT ?[0m  [["email", "user1@example.com"], ["LIMIT", 1]]
  ↳ app/controllers/sessions_controller.rb:7:in `create'
Completed 500 Internal Server Error in 28ms (ActiveRecord: 1.2ms | Allocations: 29926)


  
NoMethodError (undefined method `authenticate' for #<User id: 1, name: "User 1", email: "user1@example.com", wallet_balance: 0.1e5, created_at: "2024-07-16 07:43:05.535764000 +0000", updated_at: "2024-07-16 07:43:05.535764000 +0000", password_digest: [FILTERED]>):
  
app/controllers/sessions_controller.rb:9:in `create'
  [1m[36mActiveRecord::SchemaMigration Load (0.1ms)[0m  [1m[34mSELECT "schema_migrations"."version" FROM "schema_migrations" ORDER BY "schema_migrations"."version" ASC[0m
  [1m[36mActiveRecord::InternalMetadata Load (0.0ms)[0m  [1m[34mSELECT * FROM "ar_internal_metadata" WHERE "ar_internal_metadata"."key" = ? ORDER BY "ar_internal_metadata"."key" ASC LIMIT 1[0m  [[nil, "environment"]]
  [1m[36mActiveRecord::SchemaMigration Load (0.0ms)[0m  [1m[34mSELECT "schema_migrations"."version" FROM "schema_migrations" ORDER BY "schema_migrations"."version" ASC[0m
  [1m[36mActiveRecord::InternalMetadata Load (0.0ms)[0m  [1m[34mSELECT * FROM "ar_internal_metadata" WHERE "ar_internal_metadata"."key" = ? ORDER BY "ar_internal_metadata"."key" ASC LIMIT 1[0m  [[nil, "environment"]]
  [1m[36mActiveRecord::SchemaMigration Load (0.0ms)[0m  [1m[34mSELECT "schema_migrations"."version" FROM "schema_migrations" ORDER BY "schema_migrations"."version" ASC[0m
  [1m[36mActiveRecord::InternalMetadata Load (0.0ms)[0m  [1m[34mSELECT * FROM "ar_internal_metadata" WHERE "ar_internal_metadata"."key" = ? ORDER BY "ar_internal_metadata"."key" ASC LIMIT 1[0m  [[nil, "environment"]]
  [1m[35m (1.2ms)[0m  [1m[35mCREATE TABLE "schema_migrations" ("version" varchar NOT NULL PRIMARY KEY)[0m
  [1m[35m (0.1ms)[0m  [1m[35mCREATE TABLE "ar_internal_metadata" ("key" varchar NOT NULL PRIMARY KEY, "value" varchar, "created_at" datetime(6) NOT NULL, "updated_at" datetime(6) NOT NULL)[0m
  [1m[36mActiveRecord::InternalMetadata Load (0.1ms)[0m  [1m[34mSELECT * FROM "ar_internal_metadata" WHERE "ar_internal_metadata"."key" = ? ORDER BY "ar_internal_metadata"."key" ASC LIMIT 1[0m  [[nil, "environment"]]
  [1m[36mActiveRecord::InternalMetadata Create (0.1ms)[0m  [1m[32mINSERT INTO "ar_internal_metadata" ("key", "value", "created_at", "updated_at") VALUES ('environment', 'development', '2024-07-16 07:46:37.047999', '2024-07-16 07:46:37.048002') RETURNING "key"[0m
  [1m[36mActiveRecord::SchemaMigration Load (0.0ms)[0m  [1m[34mSELECT "schema_migrations"."version" FROM "schema_migrations" ORDER BY "schema_migrations"."version" ASC[0m
Migrating to CreateUsers (20240716072643)
  [1m[36mTRANSACTION (0.0ms)[0m  [1m[36mbegin transaction[0m
  [1m[35m (0.5ms)[0m  [1m[35mCREATE TABLE "users" ("id" integer PRIMARY KEY AUTOINCREMENT NOT NULL, "name" varchar, "email" varchar, "wallet_balance" decimal(10,2) DEFAULT 10000.0, "created_at" datetime(6) NOT NULL, "updated_at" datetime(6) NOT NULL)[0m
  [1m[36mActiveRecord::SchemaMigration Create (0.1ms)[0m  [1m[32mINSERT INTO "schema_migrations" ("version") VALUES ('20240716072643') RETURNING "version"[0m
  [1m[36mTRANSACTION (0.0ms)[0m  [1m[36mcommit transaction[0m
Migrating to CreateAdmins (20240716072644)
  [1m[36mTRANSACTION (0.0ms)[0m  [1m[36mbegin transaction[0m
  [1m[35m (0.5ms)[0m  [1m[35mCREATE TABLE "admins" ("id" integer PRIMARY KEY AUTOINCREMENT NOT NULL, "name" varchar, "email" varchar, "wallet_balance" decimal(10,2) DEFAULT 1000000.0, "created_at" datetime(6) NOT NULL, "updated_at" datetime(6) NOT NULL)[0m
  [1m[36mActiveRecord::SchemaMigration Create (0.1ms)[0m  [1m[32mINSERT INTO "schema_migrations" ("version") VALUES ('20240716072644') RETURNING "version"[0m
  [1m[36mTRANSACTION (0.0ms)[0m  [1m[36mcommit transaction[0m
Migrating to CreateLoans (20240716072645)
  [1m[36mTRANSACTION (0.0ms)[0m  [1m[36mbegin transaction[0m
  [1m[35m (0.5ms)[0m  [1m[35mCREATE TABLE "loans" ("id" integer PRIMARY KEY AUTOINCREMENT NOT NULL, "amount" decimal(10,2), "interest_rate" decimal(5,2) DEFAULT 5.0, "status" integer DEFAULT 0, "user_id" integer NOT NULL, "admin_id" integer NOT NULL, "created_at" datetime(6) NOT NULL, "updated_at" datetime(6) NOT NULL, CONSTRAINT "fk_rails_c15c911198"
FOREIGN KEY ("user_id")
  REFERENCES "users" ("id")
, CONSTRAINT "fk_rails_a0106573ce"
FOREIGN KEY ("admin_id")
  REFERENCES "admins" ("id")
)[0m
  [1m[35m (0.1ms)[0m  [1m[35mCREATE INDEX "index_loans_on_user_id" ON "loans" ("user_id")[0m
  [1m[35m (0.0ms)[0m  [1m[35mCREATE INDEX "index_loans_on_admin_id" ON "loans" ("admin_id")[0m
  [1m[36mActiveRecord::SchemaMigration Create (0.1ms)[0m  [1m[32mINSERT INTO "schema_migrations" ("version") VALUES ('20240716072645') RETURNING "version"[0m
  [1m[36mTRANSACTION (0.1ms)[0m  [1m[36mcommit transaction[0m
Migrating to AddPasswordDigestToUsers (20240716073637)
  [1m[36mTRANSACTION (0.0ms)[0m  [1m[36mbegin transaction[0m
  [1m[35m (0.5ms)[0m  [1m[35mALTER TABLE "users" ADD "password_digest" varchar[0m
  [1m[36mActiveRecord::SchemaMigration Create (0.1ms)[0m  [1m[32mINSERT INTO "schema_migrations" ("version") VALUES ('20240716073637') RETURNING "version"[0m
  [1m[36mTRANSACTION (0.0ms)[0m  [1m[36mcommit transaction[0m
Migrating to AddPasswordDigestToAdmins (20240716073638)
  [1m[36mTRANSACTION (0.0ms)[0m  [1m[36mbegin transaction[0m
  [1m[35m (0.6ms)[0m  [1m[35mALTER TABLE "admins" ADD "password_digest" varchar[0m
  [1m[36mActiveRecord::SchemaMigration Create (0.0ms)[0m  [1m[32mINSERT INTO "schema_migrations" ("version") VALUES ('20240716073638') RETURNING "version"[0m
  [1m[36mTRANSACTION (0.0ms)[0m  [1m[36mcommit transaction[0m
  [1m[36mActiveRecord::SchemaMigration Load (0.0ms)[0m  [1m[34mSELECT "schema_migrations"."version" FROM "schema_migrations" ORDER BY "schema_migrations"."version" ASC[0m
  [1m[36mActiveRecord::SchemaMigration Load (0.0ms)[0m  [1m[34mSELECT "schema_migrations"."version" FROM "schema_migrations" ORDER BY "schema_migrations"."version" ASC[0m
  [1m[36mTRANSACTION (0.0ms)[0m  [1m[36mbegin transaction[0m
  [1m[36mAdmin Create (0.1ms)[0m  [1m[32mINSERT INTO "admins" ("name", "email", "wallet_balance", "created_at", "updated_at", "password_digest") VALUES (?, ?, ?, ?, ?, ?) RETURNING "id"[0m  [["name", "Admin"], ["email", "admin@example.com"], ["wallet_balance", 1000000.0], ["created_at", "2024-07-16 07:46:37.247041"], ["updated_at", "2024-07-16 07:46:37.247041"], ["password_digest", "[FILTERED]"]]
  [1m[36mTRANSACTION (0.0ms)[0m  [1m[36mcommit transaction[0m
  [1m[36mActiveRecord::SchemaMigration Load (0.1ms)[0m  [1m[34mSELECT "schema_migrations"."version" FROM "schema_migrations" ORDER BY "schema_migrations"."version" ASC[0m
  [1m[36mActiveRecord::InternalMetadata Load (0.0ms)[0m  [1m[34mSELECT * FROM "ar_internal_metadata" WHERE "ar_internal_metadata"."key" = ? ORDER BY "ar_internal_metadata"."key" ASC LIMIT 1[0m  [[nil, "environment"]]
  [1m[36mActiveRecord::SchemaMigration Load (0.0ms)[0m  [1m[34mSELECT "schema_migrations"."version" FROM "schema_migrations" ORDER BY "schema_migrations"."version" ASC[0m
  [1m[36mActiveRecord::InternalMetadata Load (0.0ms)[0m  [1m[34mSELECT * FROM "ar_internal_metadata" WHERE "ar_internal_metadata"."key" = ? ORDER BY "ar_internal_metadata"."key" ASC LIMIT 1[0m  [[nil, "environment"]]
  [1m[36mActiveRecord::SchemaMigration Load (0.0ms)[0m  [1m[34mSELECT "schema_migrations"."version" FROM "schema_migrations" ORDER BY "schema_migrations"."version" ASC[0m
  [1m[36mActiveRecord::InternalMetadata Load (0.0ms)[0m  [1m[34mSELECT * FROM "ar_internal_metadata" WHERE "ar_internal_metadata"."key" = ? ORDER BY "ar_internal_metadata"."key" ASC LIMIT 1[0m  [[nil, "environment"]]
  [1m[35m (1.5ms)[0m  [1m[35mCREATE TABLE "schema_migrations" ("version" varchar NOT NULL PRIMARY KEY)[0m
  [1m[35m (0.1ms)[0m  [1m[35mCREATE TABLE "ar_internal_metadata" ("key" varchar NOT NULL PRIMARY KEY, "value" varchar, "created_at" datetime(6) NOT NULL, "updated_at" datetime(6) NOT NULL)[0m
  [1m[36mActiveRecord::InternalMetadata Load (0.0ms)[0m  [1m[34mSELECT * FROM "ar_internal_metadata" WHERE "ar_internal_metadata"."key" = ? ORDER BY "ar_internal_metadata"."key" ASC LIMIT 1[0m  [[nil, "environment"]]
  [1m[36mActiveRecord::InternalMetadata Create (0.1ms)[0m  [1m[32mINSERT INTO "ar_internal_metadata" ("key", "value", "created_at", "updated_at") VALUES ('environment', 'development', '2024-07-16 07:48:10.053997', '2024-07-16 07:48:10.053999') RETURNING "key"[0m
  [1m[36mActiveRecord::SchemaMigration Load (0.0ms)[0m  [1m[34mSELECT "schema_migrations"."version" FROM "schema_migrations" ORDER BY "schema_migrations"."version" ASC[0m
Migrating to CreateUsers (20240716072643)
  [1m[36mTRANSACTION (0.0ms)[0m  [1m[36mbegin transaction[0m
  [1m[35m (0.5ms)[0m  [1m[35mCREATE TABLE "users" ("id" integer PRIMARY KEY AUTOINCREMENT NOT NULL, "name" varchar, "email" varchar, "wallet_balance" decimal(10,2) DEFAULT 10000.0, "created_at" datetime(6) NOT NULL, "updated_at" datetime(6) NOT NULL)[0m
  [1m[36mActiveRecord::SchemaMigration Create (0.1ms)[0m  [1m[32mINSERT INTO "schema_migrations" ("version") VALUES ('20240716072643') RETURNING "version"[0m
  [1m[36mTRANSACTION (0.0ms)[0m  [1m[36mcommit transaction[0m
Migrating to CreateAdmins (20240716072644)
  [1m[36mTRANSACTION (0.0ms)[0m  [1m[36mbegin transaction[0m
  [1m[35m (0.5ms)[0m  [1m[35mCREATE TABLE "admins" ("id" integer PRIMARY KEY AUTOINCREMENT NOT NULL, "name" varchar, "email" varchar, "wallet_balance" decimal(10,2) DEFAULT 1000000.0, "created_at" datetime(6) NOT NULL, "updated_at" datetime(6) NOT NULL)[0m
  [1m[36mActiveRecord::SchemaMigration Create (0.1ms)[0m  [1m[32mINSERT INTO "schema_migrations" ("version") VALUES ('20240716072644') RETURNING "version"[0m
  [1m[36mTRANSACTION (0.0ms)[0m  [1m[36mcommit transaction[0m
Migrating to CreateLoans (20240716072645)
  [1m[36mTRANSACTION (0.0ms)[0m  [1m[36mbegin transaction[0m
  [1m[35m (0.4ms)[0m  [1m[35mCREATE TABLE "loans" ("id" integer PRIMARY KEY AUTOINCREMENT NOT NULL, "amount" decimal(10,2), "interest_rate" decimal(5,2) DEFAULT 5.0, "status" integer DEFAULT 0, "user_id" integer NOT NULL, "admin_id" integer NOT NULL, "created_at" datetime(6) NOT NULL, "updated_at" datetime(6) NOT NULL, CONSTRAINT "fk_rails_c15c911198"
FOREIGN KEY ("user_id")
  REFERENCES "users" ("id")
, CONSTRAINT "fk_rails_a0106573ce"
FOREIGN KEY ("admin_id")
  REFERENCES "admins" ("id")
)[0m
  [1m[35m (0.0ms)[0m  [1m[35mCREATE INDEX "index_loans_on_user_id" ON "loans" ("user_id")[0m
  [1m[35m (0.0ms)[0m  [1m[35mCREATE INDEX "index_loans_on_admin_id" ON "loans" ("admin_id")[0m
  [1m[36mActiveRecord::SchemaMigration Create (0.1ms)[0m  [1m[32mINSERT INTO "schema_migrations" ("version") VALUES ('20240716072645') RETURNING "version"[0m
  [1m[36mTRANSACTION (0.0ms)[0m  [1m[36mcommit transaction[0m
Migrating to AddPasswordDigestToUsers (20240716073637)
  [1m[36mTRANSACTION (0.0ms)[0m  [1m[36mbegin transaction[0m
  [1m[35m (0.5ms)[0m  [1m[35mALTER TABLE "users" ADD "password_digest" varchar[0m
  [1m[36mActiveRecord::SchemaMigration Create (0.1ms)[0m  [1m[32mINSERT INTO "schema_migrations" ("version") VALUES ('20240716073637') RETURNING "version"[0m
  [1m[36mTRANSACTION (0.0ms)[0m  [1m[36mcommit transaction[0m
Migrating to AddPasswordDigestToAdmins (20240716073638)
  [1m[36mTRANSACTION (0.0ms)[0m  [1m[36mbegin transaction[0m
  [1m[35m (0.6ms)[0m  [1m[35mALTER TABLE "admins" ADD "password_digest" varchar[0m
  [1m[36mActiveRecord::SchemaMigration Create (0.0ms)[0m  [1m[32mINSERT INTO "schema_migrations" ("version") VALUES ('20240716073638') RETURNING "version"[0m
  [1m[36mTRANSACTION (0.0ms)[0m  [1m[36mcommit transaction[0m
  [1m[36mActiveRecord::SchemaMigration Load (0.0ms)[0m  [1m[34mSELECT "schema_migrations"."version" FROM "schema_migrations" ORDER BY "schema_migrations"."version" ASC[0m
  [1m[36mActiveRecord::SchemaMigration Load (0.0ms)[0m  [1m[34mSELECT "schema_migrations"."version" FROM "schema_migrations" ORDER BY "schema_migrations"."version" ASC[0m
  [1m[36mTRANSACTION (0.1ms)[0m  [1m[36mbegin transaction[0m
  [1m[36mAdmin Create (0.1ms)[0m  [1m[32mINSERT INTO "admins" ("name", "email", "wallet_balance", "created_at", "updated_at", "password_digest") VALUES (?, ?, ?, ?, ?, ?) RETURNING "id"[0m  [["name", "Admin"], ["email", "admin@example.com"], ["wallet_balance", 1000000.0], ["created_at", "2024-07-16 07:48:10.253911"], ["updated_at", "2024-07-16 07:48:10.253911"], ["password_digest", "[FILTERED]"]]
  [1m[36mTRANSACTION (0.0ms)[0m  [1m[36mcommit transaction[0m
  [1m[36mActiveRecord::SchemaMigration Load (0.1ms)[0m  [1m[34mSELECT "schema_migrations"."version" FROM "schema_migrations" ORDER BY "schema_migrations"."version" ASC[0m
  [1m[36mActiveRecord::InternalMetadata Load (0.0ms)[0m  [1m[34mSELECT * FROM "ar_internal_metadata" WHERE "ar_internal_metadata"."key" = ? ORDER BY "ar_internal_metadata"."key" ASC LIMIT 1[0m  [[nil, "environment"]]
  [1m[36mActiveRecord::SchemaMigration Load (0.0ms)[0m  [1m[34mSELECT "schema_migrations"."version" FROM "schema_migrations" ORDER BY "schema_migrations"."version" ASC[0m
  [1m[36mActiveRecord::InternalMetadata Load (0.0ms)[0m  [1m[34mSELECT * FROM "ar_internal_metadata" WHERE "ar_internal_metadata"."key" = ? ORDER BY "ar_internal_metadata"."key" ASC LIMIT 1[0m  [[nil, "environment"]]
  [1m[36mActiveRecord::SchemaMigration Load (0.0ms)[0m  [1m[34mSELECT "schema_migrations"."version" FROM "schema_migrations" ORDER BY "schema_migrations"."version" ASC[0m
  [1m[36mActiveRecord::InternalMetadata Load (0.0ms)[0m  [1m[34mSELECT * FROM "ar_internal_metadata" WHERE "ar_internal_metadata"."key" = ? ORDER BY "ar_internal_metadata"."key" ASC LIMIT 1[0m  [[nil, "environment"]]
  [1m[35m (1.2ms)[0m  [1m[35mCREATE TABLE "schema_migrations" ("version" varchar NOT NULL PRIMARY KEY)[0m
  [1m[35m (0.1ms)[0m  [1m[35mCREATE TABLE "ar_internal_metadata" ("key" varchar NOT NULL PRIMARY KEY, "value" varchar, "created_at" datetime(6) NOT NULL, "updated_at" datetime(6) NOT NULL)[0m
  [1m[36mActiveRecord::InternalMetadata Load (0.0ms)[0m  [1m[34mSELECT * FROM "ar_internal_metadata" WHERE "ar_internal_metadata"."key" = ? ORDER BY "ar_internal_metadata"."key" ASC LIMIT 1[0m  [[nil, "environment"]]
  [1m[36mActiveRecord::InternalMetadata Create (0.2ms)[0m  [1m[32mINSERT INTO "ar_internal_metadata" ("key", "value", "created_at", "updated_at") VALUES ('environment', 'development', '2024-07-16 07:49:34.676131', '2024-07-16 07:49:34.676134') RETURNING "key"[0m
  [1m[36mActiveRecord::SchemaMigration Load (0.0ms)[0m  [1m[34mSELECT "schema_migrations"."version" FROM "schema_migrations" ORDER BY "schema_migrations"."version" ASC[0m
Migrating to CreateUsers (20240716072643)
  [1m[36mTRANSACTION (0.0ms)[0m  [1m[36mbegin transaction[0m
  [1m[35m (0.5ms)[0m  [1m[35mCREATE TABLE "users" ("id" integer PRIMARY KEY AUTOINCREMENT NOT NULL, "name" varchar, "email" varchar, "wallet_balance" decimal(10,2) DEFAULT 10000.0, "created_at" datetime(6) NOT NULL, "updated_at" datetime(6) NOT NULL)[0m
  [1m[36mActiveRecord::SchemaMigration Create (0.1ms)[0m  [1m[32mINSERT INTO "schema_migrations" ("version") VALUES ('20240716072643') RETURNING "version"[0m
  [1m[36mTRANSACTION (0.0ms)[0m  [1m[36mcommit transaction[0m
Migrating to CreateAdmins (20240716072644)
  [1m[36mTRANSACTION (0.0ms)[0m  [1m[36mbegin transaction[0m
  [1m[35m (0.5ms)[0m  [1m[35mCREATE TABLE "admins" ("id" integer PRIMARY KEY AUTOINCREMENT NOT NULL, "name" varchar, "email" varchar, "wallet_balance" decimal(10,2) DEFAULT 1000000.0, "created_at" datetime(6) NOT NULL, "updated_at" datetime(6) NOT NULL)[0m
  [1m[36mActiveRecord::SchemaMigration Create (0.1ms)[0m  [1m[32mINSERT INTO "schema_migrations" ("version") VALUES ('20240716072644') RETURNING "version"[0m
  [1m[36mTRANSACTION (0.0ms)[0m  [1m[36mcommit transaction[0m
Migrating to CreateLoans (20240716072645)
  [1m[36mTRANSACTION (0.0ms)[0m  [1m[36mbegin transaction[0m
  [1m[35m (0.4ms)[0m  [1m[35mCREATE TABLE "loans" ("id" integer PRIMARY KEY AUTOINCREMENT NOT NULL, "amount" decimal(10,2), "interest_rate" decimal(5,2) DEFAULT 5.0, "status" integer DEFAULT 0, "user_id" integer NOT NULL, "admin_id" integer NOT NULL, "created_at" datetime(6) NOT NULL, "updated_at" datetime(6) NOT NULL, CONSTRAINT "fk_rails_c15c911198"
FOREIGN KEY ("user_id")
  REFERENCES "users" ("id")
, CONSTRAINT "fk_rails_a0106573ce"
FOREIGN KEY ("admin_id")
  REFERENCES "admins" ("id")
)[0m
  [1m[35m (0.1ms)[0m  [1m[35mCREATE INDEX "index_loans_on_user_id" ON "loans" ("user_id")[0m
  [1m[35m (0.0ms)[0m  [1m[35mCREATE INDEX "index_loans_on_admin_id" ON "loans" ("admin_id")[0m
  [1m[36mActiveRecord::SchemaMigration Create (0.1ms)[0m  [1m[32mINSERT INTO "schema_migrations" ("version") VALUES ('20240716072645') RETURNING "version"[0m
  [1m[36mTRANSACTION (0.0ms)[0m  [1m[36mcommit transaction[0m
Migrating to AddPasswordDigestToUsers (20240716073637)
  [1m[36mTRANSACTION (0.0ms)[0m  [1m[36mbegin transaction[0m
  [1m[35m (0.5ms)[0m  [1m[35mALTER TABLE "users" ADD "password_digest" varchar[0m
  [1m[36mActiveRecord::SchemaMigration Create (0.1ms)[0m  [1m[32mINSERT INTO "schema_migrations" ("version") VALUES ('20240716073637') RETURNING "version"[0m
  [1m[36mTRANSACTION (0.0ms)[0m  [1m[36mcommit transaction[0m
Migrating to AddPasswordDigestToAdmins (20240716073638)
  [1m[36mTRANSACTION (0.0ms)[0m  [1m[36mbegin transaction[0m
  [1m[35m (0.6ms)[0m  [1m[35mALTER TABLE "admins" ADD "password_digest" varchar[0m
  [1m[36mActiveRecord::SchemaMigration Create (0.0ms)[0m  [1m[32mINSERT INTO "schema_migrations" ("version") VALUES ('20240716073638') RETURNING "version"[0m
  [1m[36mTRANSACTION (0.0ms)[0m  [1m[36mcommit transaction[0m
  [1m[36mActiveRecord::SchemaMigration Load (0.0ms)[0m  [1m[34mSELECT "schema_migrations"."version" FROM "schema_migrations" ORDER BY "schema_migrations"."version" ASC[0m
  [1m[36mActiveRecord::SchemaMigration Load (0.0ms)[0m  [1m[34mSELECT "schema_migrations"."version" FROM "schema_migrations" ORDER BY "schema_migrations"."version" ASC[0m
  [1m[36mTRANSACTION (0.1ms)[0m  [1m[36mbegin transaction[0m
  [1m[36mAdmin Create (0.1ms)[0m  [1m[32mINSERT INTO "admins" ("name", "email", "wallet_balance", "created_at", "updated_at", "password_digest") VALUES (?, ?, ?, ?, ?, ?) RETURNING "id"[0m  [["name", "Admin"], ["email", "admin@example.com"], ["wallet_balance", 1000000.0], ["created_at", "2024-07-16 07:49:34.875033"], ["updated_at", "2024-07-16 07:49:34.875033"], ["password_digest", "[FILTERED]"]]
  [1m[36mTRANSACTION (0.1ms)[0m  [1m[36mcommit transaction[0m
  [1m[36mTRANSACTION (0.0ms)[0m  [1m[36mbegin transaction[0m
  [1m[36mUser Create (0.7ms)[0m  [1m[32mINSERT INTO "users" ("name", "email", "wallet_balance", "created_at", "updated_at", "password_digest") VALUES (?, ?, ?, ?, ?, ?) RETURNING "id"[0m  [["name", "User 1"], ["email", "user1@example.com"], ["wallet_balance", 10000.0], ["created_at", "2024-07-16 07:49:35.050523"], ["updated_at", "2024-07-16 07:49:35.050523"], ["password_digest", "[FILTERED]"]]
  [1m[36mTRANSACTION (0.0ms)[0m  [1m[36mcommit transaction[0m
  [1m[36mTRANSACTION (0.0ms)[0m  [1m[36mbegin transaction[0m
  [1m[36mUser Create (0.7ms)[0m  [1m[32mINSERT INTO "users" ("name", "email", "wallet_balance", "created_at", "updated_at", "password_digest") VALUES (?, ?, ?, ?, ?, ?) RETURNING "id"[0m  [["name", "User 2"], ["email", "user2@example.com"], ["wallet_balance", 10000.0], ["created_at", "2024-07-16 07:49:35.221980"], ["updated_at", "2024-07-16 07:49:35.221980"], ["password_digest", "[FILTERED]"]]
  [1m[36mTRANSACTION (0.0ms)[0m  [1m[36mcommit transaction[0m
  [1m[36mUser Load (0.1ms)[0m  [1m[34mSELECT "users".* FROM "users" ORDER BY "users"."id" DESC LIMIT ?[0m  [["LIMIT", 1]]
Started POST "/login" for 127.0.0.1 at 2024-07-16 13:20:10 +0530
  [1m[36mActiveRecord::SchemaMigration Load (0.1ms)[0m  [1m[34mSELECT "schema_migrations"."version" FROM "schema_migrations" ORDER BY "schema_migrations"."version" ASC[0m
Processing by SessionsController#create as HTML
  Parameters: {"authenticity_token"=>"[FILTERED]", "email"=>"user1@example.com", "password"=>"[FILTERED]", "commit"=>"Log In"}
  [1m[36mUser Load (0.1ms)[0m  [1m[34mSELECT "users".* FROM "users" WHERE "users"."email" = ? LIMIT ?[0m  [["email", "user1@example.com"], ["LIMIT", 1]]
  ↳ app/controllers/sessions_controller.rb:6:in `create'
  [1m[36mAdmin Load (0.1ms)[0m  [1m[34mSELECT "admins".* FROM "admins" WHERE "admins"."email" = ? LIMIT ?[0m  [["email", "user1@example.com"], ["LIMIT", 1]]
  ↳ app/controllers/sessions_controller.rb:7:in `create'
Redirected to http://127.0.0.1:3002/users/1
Completed 302 Found in 196ms (ActiveRecord: 1.2ms | Allocations: 25778)


Started GET "/users/1" for 127.0.0.1 at 2024-07-16 13:20:10 +0530
Processing by UsersController#show as HTML
  Parameters: {"id"=>"1"}
  [1m[36mUser Load (0.1ms)[0m  [1m[34mSELECT "users".* FROM "users" WHERE "users"."id" = ? LIMIT ?[0m  [["id", 1], ["LIMIT", 1]]
  ↳ app/controllers/application_controller.rb:9:in `current_user'
  [1m[36mUser Load (0.0ms)[0m  [1m[34mSELECT "users".* FROM "users" WHERE "users"."id" = ? LIMIT ?[0m  [["id", 1], ["LIMIT", 1]]
  ↳ app/controllers/users_controller.rb:8:in `show'
  Rendering layout layouts/application.html.erb
  Rendering users/show.html.erb within layouts/application
  Rendered users/show.html.erb within layouts/application (Duration: 0.2ms | Allocations: 194)
  Rendered layout layouts/application.html.erb (Duration: 19.2ms | Allocations: 21877)
Completed 200 OK in 32ms (Views: 20.9ms | ActiveRecord: 0.2ms | Allocations: 33374)


Started GET "/logout" for 127.0.0.1 at 2024-07-16 13:20:19 +0530
  
ActionController::RoutingError (No route matches [GET] "/logout"):
  
Started GET "/login" for 127.0.0.1 at 2024-07-16 13:20:21 +0530
Processing by SessionsController#new as HTML
  Rendering layout layouts/application.html.erb
  Rendering sessions/new.html.erb within layouts/application
  Rendered sessions/new.html.erb within layouts/application (Duration: 3.2ms | Allocations: 3431)
  [1m[36mUser Load (0.1ms)[0m  [1m[34mSELECT "users".* FROM "users" WHERE "users"."id" = ? LIMIT ?[0m  [["id", 1], ["LIMIT", 1]]
  ↳ app/controllers/application_controller.rb:9:in `current_user'
  Rendered layout layouts/application.html.erb (Duration: 6.2ms | Allocations: 6688)
Completed 200 OK in 7ms (Views: 6.7ms | ActiveRecord: 0.1ms | Allocations: 7157)


Started POST "/login" for 127.0.0.1 at 2024-07-16 13:20:34 +0530
Processing by SessionsController#create as HTML
  Parameters: {"authenticity_token"=>"[FILTERED]", "email"=>"Admin@example.com", "password"=>"[FILTERED]", "commit"=>"Log In"}
  [1m[36mUser Load (0.1ms)[0m  [1m[34mSELECT "users".* FROM "users" WHERE "users"."email" = ? LIMIT ?[0m  [["email", "Admin@example.com"], ["LIMIT", 1]]
  ↳ app/controllers/sessions_controller.rb:6:in `create'
  [1m[36mAdmin Load (0.0ms)[0m  [1m[34mSELECT "admins".* FROM "admins" WHERE "admins"."email" = ? LIMIT ?[0m  [["email", "Admin@example.com"], ["LIMIT", 1]]
  ↳ app/controllers/sessions_controller.rb:7:in `create'
  Rendering layout layouts/application.html.erb
  Rendering sessions/new.html.erb within layouts/application
  Rendered sessions/new.html.erb within layouts/application (Duration: 0.8ms | Allocations: 2143)
  [1m[36mUser Load (0.0ms)[0m  [1m[34mSELECT "users".* FROM "users" WHERE "users"."id" = ? LIMIT ?[0m  [["id", 1], ["LIMIT", 1]]
  ↳ app/controllers/application_controller.rb:9:in `current_user'
  Rendered layout layouts/application.html.erb (Duration: 3.4ms | Allocations: 5107)
Completed 200 OK in 5ms (Views: 3.6ms | ActiveRecord: 0.1ms | Allocations: 6694)


Started POST "/login" for 127.0.0.1 at 2024-07-16 13:20:36 +0530
Processing by SessionsController#create as HTML
  Parameters: {"authenticity_token"=>"[FILTERED]", "email"=>"", "password"=>"[FILTERED]", "commit"=>"Log In"}
  [1m[36mUser Load (0.1ms)[0m  [1m[34mSELECT "users".* FROM "users" WHERE "users"."email" = ? LIMIT ?[0m  [["email", ""], ["LIMIT", 1]]
  ↳ app/controllers/sessions_controller.rb:6:in `create'
  [1m[36mAdmin Load (0.0ms)[0m  [1m[34mSELECT "admins".* FROM "admins" WHERE "admins"."email" = ? LIMIT ?[0m  [["email", ""], ["LIMIT", 1]]
  ↳ app/controllers/sessions_controller.rb:7:in `create'
  Rendering layout layouts/application.html.erb
  Rendering sessions/new.html.erb within layouts/application
  Rendered sessions/new.html.erb within layouts/application (Duration: 0.8ms | Allocations: 2115)
  [1m[36mUser Load (0.0ms)[0m  [1m[34mSELECT "users".* FROM "users" WHERE "users"."id" = ? LIMIT ?[0m  [["id", 1], ["LIMIT", 1]]
  ↳ app/controllers/application_controller.rb:9:in `current_user'
  Rendered layout layouts/application.html.erb (Duration: 3.5ms | Allocations: 5078)
Completed 200 OK in 6ms (Views: 3.8ms | ActiveRecord: 0.1ms | Allocations: 6575)


Started GET "/users" for 127.0.0.1 at 2024-07-16 13:21:42 +0530
Processing by UsersController#index as HTML
  [1m[36mUser Load (0.1ms)[0m  [1m[34mSELECT "users".* FROM "users" WHERE "users"."id" = ? LIMIT ?[0m  [["id", 1], ["LIMIT", 1]]
  ↳ app/controllers/application_controller.rb:9:in `current_user'
  Rendering layout layouts/application.html.erb
  Rendering users/index.html.erb within layouts/application
  [1m[36mUser Load (0.1ms)[0m  [1m[34mSELECT "users".* FROM "users"[0m
  ↳ app/views/users/index.html.erb:13
  Rendered users/index.html.erb within layouts/application (Duration: 7.8ms | Allocations: 4994)
  Rendered layout layouts/application.html.erb (Duration: 9.7ms | Allocations: 7577)
Completed 200 OK in 13ms (Views: 10.0ms | ActiveRecord: 0.2ms | Allocations: 8698)


Started GET "/users/2" for 127.0.0.1 at 2024-07-16 13:21:44 +0530
Processing by UsersController#show as HTML
  Parameters: {"id"=>"2"}
  [1m[36mUser Load (0.1ms)[0m  [1m[34mSELECT "users".* FROM "users" WHERE "users"."id" = ? LIMIT ?[0m  [["id", 1], ["LIMIT", 1]]
  ↳ app/controllers/application_controller.rb:9:in `current_user'
  [1m[36mUser Load (0.0ms)[0m  [1m[34mSELECT "users".* FROM "users" WHERE "users"."id" = ? LIMIT ?[0m  [["id", 2], ["LIMIT", 1]]
  ↳ app/controllers/users_controller.rb:8:in `show'
  Rendering layout layouts/application.html.erb
  Rendering users/show.html.erb within layouts/application
  Rendered users/show.html.erb within layouts/application (Duration: 0.0ms | Allocations: 7)
  Rendered layout layouts/application.html.erb (Duration: 1.8ms | Allocations: 2441)
Completed 200 OK in 4ms (Views: 2.1ms | ActiveRecord: 0.1ms | Allocations: 4123)


Started GET "/loan" for 127.0.0.1 at 2024-07-16 13:21:49 +0530
  
ActionController::RoutingError (No route matches [GET] "/loan"):
  
Started GET "/loans" for 127.0.0.1 at 2024-07-16 13:21:52 +0530
  
ActionController::RoutingError (No route matches [GET] "/loans"):
  
Started GET "/users/1/loan" for 127.0.0.1 at 2024-07-16 13:22:08 +0530
  
ActionController::RoutingError (No route matches [GET] "/users/1/loan"):
  
Started GET "/users/1/loans" for 127.0.0.1 at 2024-07-16 13:22:10 +0530
Processing by LoansController#index as HTML
  Parameters: {"user_id"=>"1"}
  [1m[36mUser Load (0.1ms)[0m  [1m[34mSELECT "users".* FROM "users" WHERE "users"."id" = ? LIMIT ?[0m  [["id", 1], ["LIMIT", 1]]
  ↳ app/controllers/application_controller.rb:9:in `current_user'
  [1m[36mUser Load (0.0ms)[0m  [1m[34mSELECT "users".* FROM "users" WHERE "users"."id" = ? LIMIT ?[0m  [["id", 1], ["LIMIT", 1]]
  ↳ app/controllers/loans_controller.rb:6:in `index'
  [1m[36mLoan Load (0.1ms)[0m  [1m[34mSELECT "loans".* FROM "loans" WHERE "loans"."user_id" = ?[0m  [["user_id", 1]]
  ↳ app/controllers/loans_controller.rb:12:in `index'
Completed 200 OK in 7ms (Views: 4.4ms | ActiveRecord: 0.4ms | Allocations: 4931)


Started GET "/users/1/loans" for 127.0.0.1 at 2024-07-16 13:23:13 +0530
Processing by LoansController#index as HTML
  Parameters: {"user_id"=>"1"}
  [1m[36mUser Load (0.1ms)[0m  [1m[34mSELECT "users".* FROM "users" WHERE "users"."id" = ? LIMIT ?[0m  [["id", 1], ["LIMIT", 1]]
  ↳ app/controllers/application_controller.rb:9:in `current_user'
  [1m[36mUser Load (0.0ms)[0m  [1m[34mSELECT "users".* FROM "users" WHERE "users"."id" = ? LIMIT ?[0m  [["id", 1], ["LIMIT", 1]]
  ↳ app/controllers/loans_controller.rb:7:in `index'
  [1m[36mLoan Load (0.0ms)[0m  [1m[34mSELECT "loans".* FROM "loans" WHERE "loans"."user_id" = ?[0m  [["user_id", 1]]
  ↳ app/controllers/loans_controller.rb:13:in `index'
Completed 200 OK in 10ms (Views: 1.6ms | ActiveRecord: 1.1ms | Allocations: 11702)


Started GET "/users/1/loans" for 127.0.0.1 at 2024-07-16 13:23:27 +0530
Processing by LoansController#index as HTML
  Parameters: {"user_id"=>"1"}
  [1m[36mUser Load (0.1ms)[0m  [1m[34mSELECT "users".* FROM "users" WHERE "users"."id" = ? LIMIT ?[0m  [["id", 1], ["LIMIT", 1]]
  ↳ app/controllers/application_controller.rb:9:in `current_user'
  [1m[36mUser Load (0.0ms)[0m  [1m[34mSELECT "users".* FROM "users" WHERE "users"."id" = ? LIMIT ?[0m  [["id", 1], ["LIMIT", 1]]
  ↳ app/controllers/loans_controller.rb:7:in `index'
  [1m[36mLoan Load (0.0ms)[0m  [1m[34mSELECT "loans".* FROM "loans" WHERE "loans"."user_id" = ?[0m  [["user_id", 1]]
  ↳ app/controllers/loans_controller.rb:13:in `index'
Completed 200 OK in 3ms (Views: 0.7ms | ActiveRecord: 0.1ms | Allocations: 2187)


Started GET "/users/2/loans" for 127.0.0.1 at 2024-07-16 13:23:33 +0530
Processing by LoansController#index as HTML
  Parameters: {"user_id"=>"2"}
  [1m[36mUser Load (0.1ms)[0m  [1m[34mSELECT "users".* FROM "users" WHERE "users"."id" = ? LIMIT ?[0m  [["id", 1], ["LIMIT", 1]]
  ↳ app/controllers/application_controller.rb:9:in `current_user'
  [1m[36mUser Load (0.1ms)[0m  [1m[34mSELECT "users".* FROM "users" WHERE "users"."id" = ? LIMIT ?[0m  [["id", 2], ["LIMIT", 1]]
  ↳ app/controllers/loans_controller.rb:7:in `index'
  [1m[36mLoan Load (0.0ms)[0m  [1m[34mSELECT "loans".* FROM "loans" WHERE "loans"."user_id" = ?[0m  [["user_id", 2]]
  ↳ app/controllers/loans_controller.rb:13:in `index'
Completed 200 OK in 3ms (Views: 0.9ms | ActiveRecord: 0.1ms | Allocations: 2104)


Started GET "/users/3/loans" for 127.0.0.1 at 2024-07-16 13:23:36 +0530
Processing by LoansController#index as HTML
  Parameters: {"user_id"=>"3"}
  [1m[36mUser Load (0.1ms)[0m  [1m[34mSELECT "users".* FROM "users" WHERE "users"."id" = ? LIMIT ?[0m  [["id", 1], ["LIMIT", 1]]
  ↳ app/controllers/application_controller.rb:9:in `current_user'
  [1m[36mUser Load (0.0ms)[0m  [1m[34mSELECT "users".* FROM "users" WHERE "users"."id" = ? LIMIT ?[0m  [["id", 3], ["LIMIT", 1]]
  ↳ app/controllers/loans_controller.rb:7:in `index'
Completed 404 Not Found in 3ms (ActiveRecord: 0.1ms | Allocations: 1763)


  
ActiveRecord::RecordNotFound (Couldn't find User with 'id'=3):
  
app/controllers/loans_controller.rb:7:in `index'
Started GET "/users/2/loan" for 127.0.0.1 at 2024-07-16 13:24:00 +0530
  
ActionController::RoutingError (No route matches [GET] "/users/2/loan"):
  
Started GET "/users" for 127.0.0.1 at 2024-07-16 13:24:09 +0530
Processing by UsersController#index as HTML
  [1m[36mUser Load (0.1ms)[0m  [1m[34mSELECT "users".* FROM "users" WHERE "users"."id" = ? LIMIT ?[0m  [["id", 1], ["LIMIT", 1]]
  ↳ app/controllers/application_controller.rb:9:in `current_user'
  Rendering layout layouts/application.html.erb
  Rendering users/index.html.erb within layouts/application
  [1m[36mUser Load (0.1ms)[0m  [1m[34mSELECT "users".* FROM "users"[0m
  ↳ app/views/users/index.html.erb:13
  Rendered users/index.html.erb within layouts/application (Duration: 1.6ms | Allocations: 1359)
  Rendered layout layouts/application.html.erb (Duration: 4.2ms | Allocations: 4364)
Completed 200 OK in 9ms (Views: 5.6ms | ActiveRecord: 0.2ms | Allocations: 6340)


Started GET "/users/1" for 127.0.0.1 at 2024-07-16 13:24:12 +0530
Processing by UsersController#show as HTML
  Parameters: {"id"=>"1"}
  [1m[36mUser Load (0.1ms)[0m  [1m[34mSELECT "users".* FROM "users" WHERE "users"."id" = ? LIMIT ?[0m  [["id", 1], ["LIMIT", 1]]
  ↳ app/controllers/application_controller.rb:9:in `current_user'
  [1m[36mUser Load (0.0ms)[0m  [1m[34mSELECT "users".* FROM "users" WHERE "users"."id" = ? LIMIT ?[0m  [["id", 1], ["LIMIT", 1]]
  ↳ app/controllers/users_controller.rb:8:in `show'
  Rendering layout layouts/application.html.erb
  Rendering users/show.html.erb within layouts/application
  Rendered users/show.html.erb within layouts/application (Duration: 0.3ms | Allocations: 86)
  Rendered layout layouts/application.html.erb (Duration: 2.0ms | Allocations: 2519)
Completed 200 OK in 5ms (Views: 2.3ms | ActiveRecord: 0.1ms | Allocations: 4201)


[ActiveJob] Enqueued CalculateInterestJob (Job ID: 9e49f7d5-93ac-48dc-87b1-afa010b01d78) to Sidekiq(loans)
[ActiveJob] ↳ (irb):1:in `<main>'
[ActiveJob] Enqueued CheckWalletBalanceJob (Job ID: 915e79e4-65f4-4549-89e2-5b71f89ef000) to Sidekiq(loans)
[ActiveJob] ↳ (irb):2:in `<main>'
Started GET "/users/1" for 127.0.0.1 at 2024-07-16 13:30:17 +0530
  [1m[36mActiveRecord::SchemaMigration Load (0.1ms)[0m  [1m[34mSELECT "schema_migrations"."version" FROM "schema_migrations" ORDER BY "schema_migrations"."version" ASC[0m
Processing by UsersController#show as HTML
  Parameters: {"id"=>"1"}
  [1m[36mUser Load (0.1ms)[0m  [1m[34mSELECT "users".* FROM "users" WHERE "users"."id" = ? LIMIT ?[0m  [["id", 1], ["LIMIT", 1]]
  ↳ app/controllers/application_controller.rb:9:in `current_user'
  [1m[36mUser Load (0.1ms)[0m  [1m[34mSELECT "users".* FROM "users" WHERE "users"."id" = ? LIMIT ?[0m  [["id", 1], ["LIMIT", 1]]
  ↳ app/controllers/users_controller.rb:8:in `show'
  Rendering layout layouts/application.html.erb
  Rendering users/show.html.erb within layouts/application
  Rendered users/show.html.erb within layouts/application (Duration: 9.9ms | Allocations: 6567)
  Rendered layout layouts/application.html.erb (Duration: 10.0ms | Allocations: 6699)
Completed 500 Internal Server Error in 39ms (ActiveRecord: 1.2ms | Allocations: 37669)


  
ActionView::Template::Error (undefined method `new_user_loan_path' for #<ActionView::Base:0x0000000000c800>

'.freeze; @output_buffer.append=( link_to 'Request New Loan', new_user_loan_path(@user) ); @output_buffer.safe_append='
                                                              ^^^^^^^^^^^^^^^^^^):
    3: <p>Wallet Balance: <%= number_to_currency(@user.wallet_balance) %></p>
    4: 
    5: <h2>Loan Requests</h2>
    6: <%= link_to 'Request New Loan', new_user_loan_path(@user) %>
    7: 
    8: <h2>Current Loans</h2>
    9: <% @user.loans.where(status: [:requested, :approved, :open]).each do |loan| %>
  
app/views/users/show.html.erb:6
Started GET "/" for 127.0.0.1 at 2024-07-16 13:30:24 +0530
Processing by UsersController#index as HTML
  [1m[36mUser Load (0.1ms)[0m  [1m[34mSELECT "users".* FROM "users" WHERE "users"."id" = ? LIMIT ?[0m  [["id", 1], ["LIMIT", 1]]
  ↳ app/controllers/application_controller.rb:9:in `current_user'
  Rendering layout layouts/application.html.erb
  Rendering users/index.html.erb within layouts/application
  [1m[36mUser Load (0.1ms)[0m  [1m[34mSELECT "users".* FROM "users"[0m
  ↳ app/views/users/index.html.erb:13
  Rendered users/index.html.erb within layouts/application (Duration: 1.9ms | Allocations: 1366)
  Rendered layout layouts/application.html.erb (Duration: 24.5ms | Allocations: 22683)
Completed 200 OK in 27ms (Views: 24.8ms | ActiveRecord: 0.2ms | Allocations: 23958)


Started GET "/logout" for 127.0.0.1 at 2024-07-16 13:30:26 +0530
  
ActionController::RoutingError (No route matches [GET] "/logout"):
  
Started GET "/" for 127.0.0.1 at 2024-07-16 13:30:28 +0530
Processing by UsersController#index as HTML
  [1m[36mUser Load (0.2ms)[0m  [1m[34mSELECT "users".* FROM "users" WHERE "users"."id" = ? LIMIT ?[0m  [["id", 1], ["LIMIT", 1]]
  ↳ app/controllers/application_controller.rb:9:in `current_user'
  Rendering layout layouts/application.html.erb
  Rendering users/index.html.erb within layouts/application
  [1m[36mUser Load (0.1ms)[0m  [1m[34mSELECT "users".* FROM "users"[0m
  ↳ app/views/users/index.html.erb:13
  Rendered users/index.html.erb within layouts/application (Duration: 2.3ms | Allocations: 973)
  Rendered layout layouts/application.html.erb (Duration: 4.8ms | Allocations: 3538)
Completed 200 OK in 9ms (Views: 5.3ms | ActiveRecord: 0.2ms | Allocations: 4639)


Started GET "/users/1" for 127.0.0.1 at 2024-07-16 13:30:30 +0530
Processing by UsersController#show as HTML
  Parameters: {"id"=>"1"}
  [1m[36mUser Load (0.1ms)[0m  [1m[34mSELECT "users".* FROM "users" WHERE "users"."id" = ? LIMIT ?[0m  [["id", 1], ["LIMIT", 1]]
  ↳ app/controllers/application_controller.rb:9:in `current_user'
  [1m[36mUser Load (0.1ms)[0m  [1m[34mSELECT "users".* FROM "users" WHERE "users"."id" = ? LIMIT ?[0m  [["id", 1], ["LIMIT", 1]]
  ↳ app/controllers/users_controller.rb:8:in `show'
  Rendering layout layouts/application.html.erb
  Rendering users/show.html.erb within layouts/application
  Rendered users/show.html.erb within layouts/application (Duration: 8.7ms | Allocations: 4622)
  Rendered layout layouts/application.html.erb (Duration: 8.8ms | Allocations: 4705)
Completed 500 Internal Server Error in 11ms (ActiveRecord: 0.1ms | Allocations: 6247)


  
ActionView::Template::Error (undefined method `new_user_loan_path' for #<ActionView::Base:0x0000000000d2c8>

'.freeze; @output_buffer.append=( link_to 'Request New Loan', new_user_loan_path(@user) ); @output_buffer.safe_append='
                                                              ^^^^^^^^^^^^^^^^^^):
    3: <p>Wallet Balance: <%= number_to_currency(@user.wallet_balance) %></p>
    4: 
    5: <h2>Loan Requests</h2>
    6: <%= link_to 'Request New Loan', new_user_loan_path(@user) %>
    7: 
    8: <h2>Current Loans</h2>
    9: <% @user.loans.where(status: [:requested, :approved, :open]).each do |loan| %>
  
app/views/users/show.html.erb:6
Started GET "/" for 127.0.0.1 at 2024-07-16 13:30:33 +0530
Processing by UsersController#index as HTML
  [1m[36mUser Load (0.1ms)[0m  [1m[34mSELECT "users".* FROM "users" WHERE "users"."id" = ? LIMIT ?[0m  [["id", 1], ["LIMIT", 1]]
  ↳ app/controllers/application_controller.rb:9:in `current_user'
  Rendering layout layouts/application.html.erb
  Rendering users/index.html.erb within layouts/application
  [1m[36mUser Load (0.1ms)[0m  [1m[34mSELECT "users".* FROM "users"[0m
  ↳ app/views/users/index.html.erb:13
  Rendered users/index.html.erb within layouts/application (Duration: 1.8ms | Allocations: 884)
  Rendered layout layouts/application.html.erb (Duration: 3.6ms | Allocations: 3331)
Completed 200 OK in 6ms (Views: 3.9ms | ActiveRecord: 0.2ms | Allocations: 4318)


Started GET "/" for 127.0.0.1 at 2024-07-16 13:30:40 +0530
  [1m[36mActiveRecord::SchemaMigration Load (0.1ms)[0m  [1m[34mSELECT "schema_migrations"."version" FROM "schema_migrations" ORDER BY "schema_migrations"."version" ASC[0m
Processing by UsersController#index as HTML
  [1m[36mUser Load (0.1ms)[0m  [1m[34mSELECT "users".* FROM "users" WHERE "users"."id" = ? LIMIT ?[0m  [["id", 1], ["LIMIT", 1]]
  ↳ app/controllers/application_controller.rb:9:in `current_user'
  Rendering layout layouts/application.html.erb
  Rendering users/index.html.erb within layouts/application
  [1m[36mUser Load (0.1ms)[0m  [1m[34mSELECT "users".* FROM "users"[0m
  ↳ app/views/users/index.html.erb:13
  Rendered users/index.html.erb within layouts/application (Duration: 3.2ms | Allocations: 2605)
  Rendered layout layouts/application.html.erb (Duration: 22.9ms | Allocations: 24308)
Completed 200 OK in 47ms (Views: 24.3ms | ActiveRecord: 1.3ms | Allocations: 51135)


Started GET "/" for 127.0.0.1 at 2024-07-16 13:30:42 +0530
Processing by UsersController#index as HTML
  [1m[36mUser Load (0.1ms)[0m  [1m[34mSELECT "users".* FROM "users" WHERE "users"."id" = ? LIMIT ?[0m  [["id", 1], ["LIMIT", 1]]
  ↳ app/controllers/application_controller.rb:9:in `current_user'
  Rendering layout layouts/application.html.erb
  Rendering users/index.html.erb within layouts/application
  [1m[36mUser Load (0.0ms)[0m  [1m[34mSELECT "users".* FROM "users"[0m
  ↳ app/views/users/index.html.erb:13
  Rendered users/index.html.erb within layouts/application (Duration: 1.0ms | Allocations: 988)
  Rendered layout layouts/application.html.erb (Duration: 2.7ms | Allocations: 3448)
Completed 200 OK in 4ms (Views: 3.0ms | ActiveRecord: 0.1ms | Allocations: 4645)


Started GET "/users/1" for 127.0.0.1 at 2024-07-16 13:30:45 +0530
Processing by UsersController#show as HTML
  Parameters: {"id"=>"1"}
  [1m[36mUser Load (0.1ms)[0m  [1m[34mSELECT "users".* FROM "users" WHERE "users"."id" = ? LIMIT ?[0m  [["id", 1], ["LIMIT", 1]]
  ↳ app/controllers/application_controller.rb:9:in `current_user'
  [1m[36mUser Load (0.0ms)[0m  [1m[34mSELECT "users".* FROM "users" WHERE "users"."id" = ? LIMIT ?[0m  [["id", 1], ["LIMIT", 1]]
  ↳ app/controllers/users_controller.rb:8:in `show'
  Rendering layout layouts/application.html.erb
  Rendering users/show.html.erb within layouts/application
  Rendered users/show.html.erb within layouts/application (Duration: 9.2ms | Allocations: 5421)
  Rendered layout layouts/application.html.erb (Duration: 9.3ms | Allocations: 5517)
Completed 500 Internal Server Error in 16ms (ActiveRecord: 0.3ms | Allocations: 10874)


  
ActionView::Template::Error (undefined method `new_user_loan_path' for #<ActionView::Base:0x0000000000cc88>

'.freeze; @output_buffer.append=( link_to 'Request New Loan', new_user_loan_path(@user) ); @output_buffer.safe_append='
                                                              ^^^^^^^^^^^^^^^^^^):
    3: <p>Wallet Balance: <%= number_to_currency(@user.wallet_balance) %></p>
    4: 
    5: <h2>Loan Requests</h2>
    6: <%= link_to 'Request New Loan', new_user_loan_path(@user) %>
    7: 
    8: <h2>Current Loans</h2>
    9: <% @user.loans.where(status: [:requested, :approved, :open]).each do |loan| %>
  
app/views/users/show.html.erb:6
Started GET "/users/1" for 127.0.0.1 at 2024-07-16 13:33:32 +0530
  [1m[36mActiveRecord::SchemaMigration Load (0.1ms)[0m  [1m[34mSELECT "schema_migrations"."version" FROM "schema_migrations" ORDER BY "schema_migrations"."version" ASC[0m
Processing by UsersController#show as HTML
  Parameters: {"id"=>"1"}
  [1m[36mUser Load (0.1ms)[0m  [1m[34mSELECT "users".* FROM "users" WHERE "users"."id" = ? LIMIT ?[0m  [["id", 1], ["LIMIT", 1]]
  ↳ app/controllers/application_controller.rb:9:in `current_user'
  [1m[36mUser Load (0.0ms)[0m  [1m[34mSELECT "users".* FROM "users" WHERE "users"."id" = ? LIMIT ?[0m  [["id", 1], ["LIMIT", 1]]
  ↳ app/controllers/users_controller.rb:8:in `show'
  Rendering layout layouts/application.html.erb
  Rendering users/show.html.erb within layouts/application
  [1m[36mLoan Load (0.0ms)[0m  [1m[34mSELECT "loans".* FROM "loans" WHERE "loans"."user_id" = ? AND "loans"."status" IN (?, ?, ?)[0m  [["user_id", 1], ["status", 0], ["status", 1], ["status", 2]]
  ↳ app/views/users/show.html.erb:9
  [1m[36mLoan Load (0.0ms)[0m  [1m[34mSELECT "loans".* FROM "loans" WHERE "loans"."user_id" = ? AND "loans"."status" IN (?, ?)[0m  [["user_id", 1], ["status", 3], ["status", 4]]
  ↳ app/views/users/show.html.erb:24
  Rendered users/show.html.erb within layouts/application (Duration: 4.1ms | Allocations: 4771)
  Rendered layout layouts/application.html.erb (Duration: 23.2ms | Allocations: 26658)
Completed 200 OK in 51ms (Views: 24.5ms | ActiveRecord: 1.3ms | Allocations: 57684)


Started GET "/users/1/loans/new" for 127.0.0.1 at 2024-07-16 13:33:35 +0530
Processing by LoansController#new as HTML
  Parameters: {"user_id"=>"1"}
  [1m[36mUser Load (0.1ms)[0m  [1m[34mSELECT "users".* FROM "users" WHERE "users"."id" = ? LIMIT ?[0m  [["id", 1], ["LIMIT", 1]]
  ↳ app/controllers/application_controller.rb:9:in `current_user'
  [1m[36mUser Load (0.0ms)[0m  [1m[34mSELECT "users".* FROM "users" WHERE "users"."id" = ? LIMIT ?[0m  [["id", 1], ["LIMIT", 1]]
  ↳ app/controllers/loans_controller.rb:5:in `new'
  Rendering layout layouts/application.html.erb
  Rendering loans/new.html.erb within layouts/application
  Rendered loans/new.html.erb within layouts/application (Duration: 3.3ms | Allocations: 2217)
  Rendered layout layouts/application.html.erb (Duration: 4.9ms | Allocations: 4786)
Completed 200 OK in 14ms (Views: 5.4ms | ActiveRecord: 0.1ms | Allocations: 16000)


Started POST "/users/1/loans" for 127.0.0.1 at 2024-07-16 13:33:41 +0530
Processing by LoansController#create as HTML
  Parameters: {"authenticity_token"=>"[FILTERED]", "loan"=>{"amount"=>"20000", "status"=>"requested"}, "commit"=>"Request Loan", "user_id"=>"1"}
  [1m[36mUser Load (0.2ms)[0m  [1m[34mSELECT "users".* FROM "users" WHERE "users"."id" = ? LIMIT ?[0m  [["id", 1], ["LIMIT", 1]]
  ↳ app/controllers/application_controller.rb:9:in `current_user'
  [1m[36mUser Load (0.1ms)[0m  [1m[34mSELECT "users".* FROM "users" WHERE "users"."id" = ? LIMIT ?[0m  [["id", 1], ["LIMIT", 1]]
  ↳ app/controllers/loans_controller.rb:9:in `create'
  [1m[36mAdmin Load (0.1ms)[0m  [1m[34mSELECT "admins".* FROM "admins" ORDER BY "admins"."id" ASC LIMIT ?[0m  [["LIMIT", 1]]
  ↳ app/controllers/loans_controller.rb:11:in `create'
  [1m[36mTRANSACTION (0.0ms)[0m  [1m[36mbegin transaction[0m
  ↳ app/controllers/loans_controller.rb:12:in `create'
  [1m[36mLoan Create (0.6ms)[0m  [1m[32mINSERT INTO "loans" ("amount", "interest_rate", "status", "user_id", "admin_id", "created_at", "updated_at") VALUES (?, ?, ?, ?, ?, ?, ?) RETURNING "id"[0m  [["amount", 20000.0], ["interest_rate", 5.0], ["status", 0], ["user_id", 1], ["admin_id", 1], ["created_at", "2024-07-16 08:03:41.242740"], ["updated_at", "2024-07-16 08:03:41.242740"]]
  ↳ app/controllers/loans_controller.rb:12:in `create'
  [1m[36mTRANSACTION (2.0ms)[0m  [1m[36mcommit transaction[0m
  ↳ app/controllers/loans_controller.rb:12:in `create'
Redirected to http://127.0.0.1:3001/users/1
Completed 302 Found in 14ms (ActiveRecord: 3.1ms | Allocations: 11533)


Started GET "/users/1" for 127.0.0.1 at 2024-07-16 13:33:41 +0530
Processing by UsersController#show as HTML
  Parameters: {"id"=>"1"}
  [1m[36mUser Load (0.0ms)[0m  [1m[34mSELECT "users".* FROM "users" WHERE "users"."id" = ? LIMIT ?[0m  [["id", 1], ["LIMIT", 1]]
  ↳ app/controllers/application_controller.rb:9:in `current_user'
  [1m[36mUser Load (0.0ms)[0m  [1m[34mSELECT "users".* FROM "users" WHERE "users"."id" = ? LIMIT ?[0m  [["id", 1], ["LIMIT", 1]]
  ↳ app/controllers/users_controller.rb:8:in `show'
  Rendering layout layouts/application.html.erb
  Rendering users/show.html.erb within layouts/application
  [1m[36mLoan Load (0.1ms)[0m  [1m[34mSELECT "loans".* FROM "loans" WHERE "loans"."user_id" = ? AND "loans"."status" IN (?, ?, ?)[0m  [["user_id", 1], ["status", 0], ["status", 1], ["status", 2]]
  ↳ app/views/users/show.html.erb:9
  [1m[36mLoan Load (0.1ms)[0m  [1m[34mSELECT "loans".* FROM "loans" WHERE "loans"."user_id" = ? AND "loans"."status" IN (?, ?)[0m  [["user_id", 1], ["status", 3], ["status", 4]]
  ↳ app/views/users/show.html.erb:24
  Rendered users/show.html.erb within layouts/application (Duration: 2.4ms | Allocations: 2426)
  Rendered layout layouts/application.html.erb (Duration: 3.9ms | Allocations: 5008)
Completed 200 OK in 6ms (Views: 4.0ms | ActiveRecord: 0.2ms | Allocations: 6671)


Started GET "/users/1" for 127.0.0.1 at 2024-07-16 13:33:44 +0530
Processing by UsersController#show as HTML
  Parameters: {"id"=>"1"}
  [1m[36mUser Load (0.1ms)[0m  [1m[34mSELECT "users".* FROM "users" WHERE "users"."id" = ? LIMIT ?[0m  [["id", 1], ["LIMIT", 1]]
  ↳ app/controllers/application_controller.rb:9:in `current_user'
  [1m[36mUser Load (0.0ms)[0m  [1m[34mSELECT "users".* FROM "users" WHERE "users"."id" = ? LIMIT ?[0m  [["id", 1], ["LIMIT", 1]]
  ↳ app/controllers/users_controller.rb:8:in `show'
  Rendering layout layouts/application.html.erb
  Rendering users/show.html.erb within layouts/application
  [1m[36mLoan Load (0.1ms)[0m  [1m[34mSELECT "loans".* FROM "loans" WHERE "loans"."user_id" = ? AND "loans"."status" IN (?, ?, ?)[0m  [["user_id", 1], ["status", 0], ["status", 1], ["status", 2]]
  ↳ app/views/users/show.html.erb:9
  [1m[36mLoan Load (0.1ms)[0m  [1m[34mSELECT "loans".* FROM "loans" WHERE "loans"."user_id" = ? AND "loans"."status" IN (?, ?)[0m  [["user_id", 1], ["status", 3], ["status", 4]]
  ↳ app/views/users/show.html.erb:24
  Rendered users/show.html.erb within layouts/application (Duration: 2.3ms | Allocations: 1966)
  Rendered layout layouts/application.html.erb (Duration: 4.6ms | Allocations: 4386)
Completed 200 OK in 7ms (Views: 4.7ms | ActiveRecord: 0.3ms | Allocations: 6041)


